<?xml version="1.0" encoding="UTF-8"?>
<!-- Generated by org.testng.reporters.JUnitReportReporter -->
<testsuite hostname="LAPTOP-IVSO33ML" failures="0" tests="1" name="testmavenproj.testmvnproj.test001" time="17.913" errors="0" timestamp="2023-01-30T14:43:38 IST" skipped="0">
  <testcase classname="testmavenproj.testmvnproj.test001" name="checkmvntest" time="17.913"/>
  <system-out/>
</testsuite> <!-- testmavenproj.testmvnproj.test001 -->
