<?xml version="1.0" encoding="UTF-8"?>
<!-- Generated by org.testng.reporters.JUnitReportReporter -->
<testsuite hostname="LAPTOP-IVSO33ML" failures="0" tests="1" name="testmavenproj.testmvnproj.test001" time="13.947" errors="0" timestamp="2023-01-30T18:20:48 IST" skipped="0">
  <testcase classname="testmavenproj.testmvnproj.test001" name="checkmvntest" time="13.947"/>
  <system-out/>
</testsuite> <!-- testmavenproj.testmvnproj.test001 -->
